<?xml version="1.0" encoding="UTF-8"?>
<!-- Generated by org.testng.reporters.JUnitReportReporter -->
<testsuite hostname="DESKTOP-G1OPJ5I" failures="0" tests="3" name="tests.subscribePackagesTest" time="5.795" errors="0" timestamp="2023-11-10T12:50:47 EET" skipped="0">
  <testcase classname="tests.subscribePackagesTest" name="test_ckeckMoroccoPackages" time="1.875"/>
  <system-out/>
  <testcase classname="tests.subscribePackagesTest" name="test_ckeckUAEPackages" time="1.487"/>
  <system-out/>
  <testcase classname="tests.subscribePackagesTest" name="test_ckeckLebanonPackages" time="2.433"/>
  <system-out/>
</testsuite> <!-- tests.subscribePackagesTest -->
